<?xml version="1.0" encoding="UTF-8"?>
<!-- Generated by org.testng.reporters.JUnitReportReporter -->
<testsuite hostname="DESKTOP-VGUITQK" failures="0" tests="1" name="utils.ConnectionTest" time="0,242" errors="0" timestamp="2 Jan 2024 19:22:27 GMT">
  <testcase classname="utils.ConnectionTest" name="f" time="0,242"/>
</testsuite>
